{
  "RSpec": {
    "coverage": {
      "C:/zprojects/batmanjs-demos/002-rails-batchat-ruby/config/environment.rb": [
        null,
        1,
        null,
        null,
        1
      ],
      "C:/zprojects/batmanjs-demos/002-rails-batchat-ruby/config/application.rb": [
        1,
        null,
        1,
        null,
        1,
        null,
        1,
        null,
        null,
        null,
        null,
        1,
        1,
        null,
        null,
        null,
        null,
        null,
        null,
        null,
        null,
        null,
        null,
        null,
        null,
        null,
        null,
        null,
        null,
        null,
        null,
        null,
        null,
        null,
        null,
        null,
        1,
        null,
        null,
        1,
        null,
        null,
        1,
        null,
        null,
        null,
        null,
        null,
        null,
        null,
        null,
        null,
        null,
        1,
        null,
        null,
        1,
        null,
        null,
        1,
        null,
        null
      ],
      "C:/zprojects/batmanjs-demos/002-rails-batchat-ruby/config/boot.rb": [
        1,
        null,
        null,
        1,
        null,
        1
      ],
      "C:/zprojects/batmanjs-demos/002-rails-batchat-ruby/config/environments/test.rb": [
        1,
        null,
        null,
        null,
        null,
        null,
        null,
        1,
        null,
        null,
        1,
        1,
        null,
        null,
        1,
        null,
        null,
        1,
        1,
        null,
        null,
        1,
        null,
        null,
        1,
        null,
        null,
        null,
        null,
        1,
        null,
        null,
        1,
        null,
        null,
        1,
        null
      ],
      "C:/zprojects/batmanjs-demos/002-rails-batchat-ruby/config/initializers/backtrace_silencers.rb": [
        null,
        null,
        null,
        null,
        null,
        null,
        null
      ],
      "C:/zprojects/batmanjs-demos/002-rails-batchat-ruby/config/initializers/inflections.rb": [
        null,
        null,
        null,
        null,
        null,
        null,
        null,
        null,
        null,
        null,
        null,
        null,
        null,
        null,
        null
      ],
      "C:/zprojects/batmanjs-demos/002-rails-batchat-ruby/config/initializers/mime_types.rb": [
        null,
        null,
        null,
        null,
        null
      ],
      "C:/zprojects/batmanjs-demos/002-rails-batchat-ruby/config/initializers/secret_token.rb": [
        null,
        null,
        null,
        null,
        null,
        null,
        1
      ],
      "C:/zprojects/batmanjs-demos/002-rails-batchat-ruby/config/initializers/session_store.rb": [
        null,
        null,
        1,
        null,
        null,
        null,
        null,
        null
      ],
      "C:/zprojects/batmanjs-demos/002-rails-batchat-ruby/config/initializers/wrap_parameters.rb": [
        null,
        null,
        null,
        null,
        null,
        null,
        1,
        1,
        null,
        null,
        null,
        1,
        1,
        null
      ],
      "C:/zprojects/batmanjs-demos/002-rails-batchat-ruby/app/controllers/application_controller.rb": [
        1,
        1,
        null
      ],
      "C:/zprojects/batmanjs-demos/002-rails-batchat-ruby/app/helpers/application_helper.rb": [
        1,
        null
      ],
      "C:/zprojects/batmanjs-demos/002-rails-batchat-ruby/app/helpers/pages_helper.rb": [
        1,
        null
      ],
      "C:/zprojects/batmanjs-demos/002-rails-batchat-ruby/app/helpers/users_helper.rb": [
        1,
        null
      ],
      "C:/zprojects/batmanjs-demos/002-rails-batchat-ruby/app/controllers/messages_controller.rb": [
        1,
        1,
        null,
        1,
        1,
        null,
        null,
        1,
        2,
        2,
        2,
        2,
        null,
        2,
        null,
        null,
        null,
        null,
        null
      ],
      "C:/zprojects/batmanjs-demos/002-rails-batchat-ruby/app/models/message.rb": [
        1,
        1,
        1,
        null,
        1,
        null
      ],
      "C:/zprojects/batmanjs-demos/002-rails-batchat-ruby/app/controllers/pages_controller.rb": [
        1,
        1,
        null,
        null,
        null
      ],
      "C:/zprojects/batmanjs-demos/002-rails-batchat-ruby/app/controllers/users_controller.rb": [
        1,
        1,
        null,
        1,
        1,
        1,
        null,
        null,
        1,
        1,
        1,
        1,
        1,
        null,
        null,
        1,
        2,
        2,
        2,
        2,
        null,
        2,
        null,
        null,
        null,
        null,
        null
      ],
      "C:/zprojects/batmanjs-demos/002-rails-batchat-ruby/app/models/user.rb": [
        1,
        1,
        1,
        null,
        1,
        null,
        1,
        2,
        1,
        1,
        null,
        null,
        null
      ],
      "C:/zprojects/batmanjs-demos/002-rails-batchat-ruby/app/serializers/message_serializer.rb": [
        1,
        1,
        null,
        null
      ],
      "C:/zprojects/batmanjs-demos/002-rails-batchat-ruby/app/serializers/user_serializer.rb": [
        1,
        1,
        null,
        null
      ],
      "C:/zprojects/batmanjs-demos/002-rails-batchat-ruby/spec/factories/message.rb": [
        1,
        1,
        1,
        1,
        null,
        null
      ],
      "C:/zprojects/batmanjs-demos/002-rails-batchat-ruby/spec/factories/user.rb": [
        1,
        1,
        1,
        1,
        null,
        null
      ],
      "C:/zprojects/batmanjs-demos/002-rails-batchat-ruby/config/routes.rb": [
        1,
        1,
        1,
        1,
        null,
        null,
        null,
        null,
        null,
        null,
        null,
        null,
        null,
        null,
        null,
        null,
        null,
        null,
        null,
        null,
        null,
        null,
        null,
        null,
        null,
        null,
        null,
        null,
        null,
        null,
        null,
        null,
        null,
        null,
        null,
        null,
        null,
        null,
        null,
        null,
        null,
        null,
        null,
        null,
        null,
        null,
        null,
        null,
        null,
        null,
        null,
        null,
        null,
        null,
        null,
        null,
        null,
        null,
        null,
        null,
        null,
        null
      ],
      "C:/zprojects/batmanjs-demos/002-rails-batchat-ruby/spec/controllers/users_controller_spec.rb": [
        1,
        null,
        1,
        1,
        4,
        null,
        null,
        1,
        1,
        2,
        2,
        null,
        1,
        null,
        1,
        1,
        null,
        null,
        null,
        1,
        1,
        1,
        2,
        2,
        1,
        null,
        1,
        null,
        1,
        1,
        null,
        null,
        null,
        1,
        1,
        2,
        null,
        null,
        1,
        1,
        null,
        1,
        null,
        1,
        null,
        null,
        1,
        1,
        1,
        null,
        1,
        null,
        1,
        null,
        null,
        null
      ],
      "C:/zprojects/batmanjs-demos/002-rails-batchat-ruby/spec/models/message_spec.rb": [
        1,
        null,
        1,
        2,
        2,
        null
      ],
      "C:/zprojects/batmanjs-demos/002-rails-batchat-ruby/spec/models/user_spec.rb": [
        1,
        null,
        1,
        1,
        5,
        null,
        null,
        2,
        2,
        null,
        2,
        null,
        1,
        1,
        2,
        2,
        null,
        1,
        null,
        null,
        1,
        1,
        2,
        null,
        1,
        null,
        1,
        null,
        null,
        null,
        null
      ]
    },
    "timestamp": 1343171442
  }
}
